-------------------------------------------------------------------------------
Test set: com.bestbuy.api.bestbuyapiinfo.StoreCRUDTestWithSteps
-------------------------------------------------------------------------------
Tests run: 5, Failures: 3, Errors: 0, Skipped: 0, Time elapsed: 4.963 sec <<< FAILURE! - in com.bestbuy.api.bestbuyapiinfo.StoreCRUDTestWithSteps
test003(com.bestbuy.api.bestbuyapiinfo.StoreCRUDTestWithSteps)  Time elapsed: 0.057 sec  <<< FAILURE!
java.lang.AssertionError: 1 expectation failed.
Expected status code <200> but was <404>.

	at io.restassured.internal.ResponseSpecificationImpl.validateResponseIfRequired(ResponseSpecificationImpl.groovy:636)
	at io.restassured.internal.ResponseSpecificationImpl.statusCode(ResponseSpecificationImpl.groovy:122)
	at io.restassured.internal.ResponseSpecificationImpl.statusCode(ResponseSpecificationImpl.groovy:130)
	at io.restassured.internal.ValidatableResponseOptionsImpl.statusCode(ValidatableResponseOptionsImpl.java:117)
	at com.bestbuy.api.bestbuyapiinfo.StoresSteps.getStoresById(StoresSteps.java:94)
	at com.bestbuy.api.bestbuyapiinfo.StoreCRUDTestWithSteps.test003(StoreCRUDTestWithSteps.java:50)

test004(com.bestbuy.api.bestbuyapiinfo.StoreCRUDTestWithSteps)  Time elapsed: 0.044 sec  <<< FAILURE!
java.lang.AssertionError: 1 expectation failed.
Expected status code <200> but was <404>.

	at io.restassured.internal.ResponseSpecificationImpl.validateResponseIfRequired(ResponseSpecificationImpl.groovy:636)
	at io.restassured.internal.ResponseSpecificationImpl.statusCode(ResponseSpecificationImpl.groovy:122)
	at io.restassured.internal.ResponseSpecificationImpl.statusCode(ResponseSpecificationImpl.groovy:130)
	at io.restassured.internal.ValidatableResponseOptionsImpl.statusCode(ValidatableResponseOptionsImpl.java:117)
	at com.bestbuy.api.bestbuyapiinfo.StoresSteps.updateStores(StoresSteps.java:65)
	at com.bestbuy.api.bestbuyapiinfo.StoreCRUDTestWithSteps.test004(StoreCRUDTestWithSteps.java:59)

test005(com.bestbuy.api.bestbuyapiinfo.StoreCRUDTestWithSteps)  Time elapsed: 0.126 sec  <<< FAILURE!
java.lang.AssertionError: 1 expectation failed.
Expected status code <200> but was <404>.

	at io.restassured.internal.ResponseSpecificationImpl.validateResponseIfRequired(ResponseSpecificationImpl.groovy:636)
	at io.restassured.internal.ResponseSpecificationImpl.statusCode(ResponseSpecificationImpl.groovy:122)
	at io.restassured.internal.ResponseSpecificationImpl.statusCode(ResponseSpecificationImpl.groovy:130)
	at io.restassured.internal.ValidatableResponseOptionsImpl.statusCode(ValidatableResponseOptionsImpl.java:117)
	at com.bestbuy.api.bestbuyapiinfo.StoresSteps.deleteStores(StoresSteps.java:79)
	at com.bestbuy.api.bestbuyapiinfo.StoreCRUDTestWithSteps.test005(StoreCRUDTestWithSteps.java:67)

