-------------------------------------------------------------------------------
Test set: com.bestbuy.api.bestbuyapiinfo.ProductsCRUDTestWithSteps
-------------------------------------------------------------------------------
Tests run: 5, Failures: 0, Errors: 5, Skipped: 0, Time elapsed: 0.44 sec <<< FAILURE! - in com.bestbuy.api.bestbuyapiinfo.ProductsCRUDTestWithSteps
test001(com.bestbuy.api.bestbuyapiinfo.ProductsCRUDTestWithSteps)  Time elapsed: 0.007 sec  <<< ERROR!
java.lang.NullPointerException: null
	at com.bestbuy.api.bestbuyapiinfo.ProductsCRUDTestWithSteps.test001(ProductsCRUDTestWithSteps.java:36)

test002(com.bestbuy.api.bestbuyapiinfo.ProductsCRUDTestWithSteps)  Time elapsed: 0 sec  <<< ERROR!
java.lang.NullPointerException: null
	at com.bestbuy.api.bestbuyapiinfo.ProductsCRUDTestWithSteps.test002(ProductsCRUDTestWithSteps.java:42)

test003(com.bestbuy.api.bestbuyapiinfo.ProductsCRUDTestWithSteps)  Time elapsed: 0 sec  <<< ERROR!
java.lang.NullPointerException: null
	at com.bestbuy.api.bestbuyapiinfo.ProductsCRUDTestWithSteps.test003(ProductsCRUDTestWithSteps.java:49)

test004(com.bestbuy.api.bestbuyapiinfo.ProductsCRUDTestWithSteps)  Time elapsed: 0 sec  <<< ERROR!
java.lang.NullPointerException: null
	at com.bestbuy.api.bestbuyapiinfo.ProductsCRUDTestWithSteps.test004(ProductsCRUDTestWithSteps.java:56)

test005(com.bestbuy.api.bestbuyapiinfo.ProductsCRUDTestWithSteps)  Time elapsed: 0.001 sec  <<< ERROR!
java.lang.NullPointerException: null
	at com.bestbuy.api.bestbuyapiinfo.ProductsCRUDTestWithSteps.test005(ProductsCRUDTestWithSteps.java:62)

